{
  "RSpec": {
    "coverage": {
      "/Users/kakulgupta/Desktop/RUBY/Rectangleextra/lib/Geometry.rb": [
        1
      ],
      "/Users/kakulgupta/Desktop/RUBY/Rectangleextra/lib/Geometry/rectangle.rb": [
        null,
        1,
        1,
        1,
        1,
        null,
        null,
        1,
        1,
        null,
        null,
        1,
        1,
        null,
        null,
        1,
        1,
        null,
        null,
        null
      ]
    },
    "timestamp": 1422870938
  }
}
